<?xml version="1.0" encoding="UTF-8"?>
<testng-results skipped="0" failed="0" total="1" passed="1">
  <reporter-output>
  </reporter-output>
  <suite name="Suite" duration-ms="30" started-at="2019-07-11T11:43:44Z" finished-at="2019-07-11T11:43:44Z">
    <groups>
    </groups>
    <test name="Test" duration-ms="30" started-at="2019-07-11T11:43:44Z" finished-at="2019-07-11T11:43:44Z">
      <class name="MavenFrameAPI.NewTest">
        <test-method status="PASS" signature="f()[pri:0, instance:MavenFrameAPI.NewTest@4de8b406]" name="f" duration-ms="10" started-at="2019-07-11T17:13:44Z" finished-at="2019-07-11T17:13:44Z">
          <reporter-output>
          </reporter-output>
        </test-method> <!-- f -->
      </class> <!-- MavenFrameAPI.NewTest -->
    </test> <!-- Test -->
  </suite> <!-- Suite -->
</testng-results>
