<?xml version="1.0" encoding="UTF-8"?>
<testng-results skipped="0" failed="0" total="1" passed="1">
  <reporter-output>
  </reporter-output>
  <suite name="Default suite" duration-ms="102" started-at="2019-07-15T15:54:20Z" finished-at="2019-07-15T15:54:20Z">
    <groups>
    </groups>
    <test name="Default test" duration-ms="102" started-at="2019-07-15T15:54:20Z" finished-at="2019-07-15T15:54:20Z">
      <class name="MavenFrameAPI.NewTest">
        <test-method status="PASS" signature="f()[pri:0, instance:MavenFrameAPI.NewTest@6e1567f1]" name="f" duration-ms="43" started-at="2019-07-15T21:24:20Z" finished-at="2019-07-15T21:24:20Z">
          <reporter-output>
          </reporter-output>
        </test-method> <!-- f -->
      </class> <!-- MavenFrameAPI.NewTest -->
    </test> <!-- Default test -->
  </suite> <!-- Default suite -->
</testng-results>
